Using pre-set license
Built from '2021.3/staging' branch; Version is '2021.3.16f1 (4016570cf34f) revision 4200023'; Using compiler version '192829333'; Build Type 'Release'
OS: 'Windows 11  (10.0.22000) 64bit CoreSingleLanguage' Language: 'en' Physical Memory: 8029 MB
BatchMode: 1, IsHumanControllingUs: 0, StartBugReporterOnCrash: 0, Is64bit: 1, IsPro: 1

COMMAND LINE ARGUMENTS:
D:\Unity Editor\2021.3.16f1\Editor\Unity.exe
-adb2
-batchMode
-noUpm
-name
AssetImportWorker0
-projectPath
C:/Users/Sumit/Downloads/Endless-Runner-master/Endless-Runner-master
-logFile
Logs/AssetImportWorker0.log
-srvPort
57324
Successfully changed project path to: C:/Users/Sumit/Downloads/Endless-Runner-master/Endless-Runner-master
C:/Users/Sumit/Downloads/Endless-Runner-master/Endless-Runner-master
[UnityMemory] Configuration Parameters - Can be set up in boot.config
    "memorysetup-bucket-allocator-granularity=16"
    "memorysetup-bucket-allocator-bucket-count=8"
    "memorysetup-bucket-allocator-block-size=33554432"
    "memorysetup-bucket-allocator-block-count=8"
    "memorysetup-main-allocator-block-size=16777216"
    "memorysetup-thread-allocator-block-size=16777216"
    "memorysetup-gfx-main-allocator-block-size=16777216"
    "memorysetup-gfx-thread-allocator-block-size=16777216"
    "memorysetup-cache-allocator-block-size=4194304"
    "memorysetup-typetree-allocator-block-size=2097152"
    "memorysetup-profiler-bucket-allocator-granularity=16"
    "memorysetup-profiler-bucket-allocator-bucket-count=8"
    "memorysetup-profiler-bucket-allocator-block-size=33554432"
    "memorysetup-profiler-bucket-allocator-block-count=8"
    "memorysetup-profiler-allocator-block-size=16777216"
    "memorysetup-profiler-editor-allocator-block-size=1048576"
    "memorysetup-temp-allocator-size-main=16777216"
    "memorysetup-job-temp-allocator-block-size=2097152"
    "memorysetup-job-temp-allocator-block-size-background=1048576"
    "memorysetup-job-temp-allocator-reduction-small-platforms=262144"
    "memorysetup-temp-allocator-size-background-worker=32768"
    "memorysetup-temp-allocator-size-job-worker=262144"
    "memorysetup-temp-allocator-size-preload-manager=33554432"
    "memorysetup-temp-allocator-size-nav-mesh-worker=65536"
    "memorysetup-temp-allocator-size-audio-worker=65536"
    "memorysetup-temp-allocator-size-cloud-worker=32768"
    "memorysetup-temp-allocator-size-gi-baking-worker=262144"
    "memorysetup-temp-allocator-size-gfx=262144"
Player connection [9116] Host "[IP] 0.0.0.0 [Port] 0 [Flags] 2 [Guid] 2810742128 [EditorId] 2810742128 [Version] 1048832 [Id] WindowsEditor(7,LAPTOP-1762NC9C) [Debug] 1 [PackageName] WindowsEditor [ProjectName] Editor" joined multi-casting on [225.0.0.222:54997]...

Player connection [9116] Host "[IP] 0.0.0.0 [Port] 0 [Flags] 2 [Guid] 2810742128 [EditorId] 2810742128 [Version] 1048832 [Id] WindowsEditor(7,LAPTOP-1762NC9C) [Debug] 1 [PackageName] WindowsEditor [ProjectName] Editor" joined alternative multi-casting on [225.0.0.222:34997]...

Refreshing native plugins compatible for Editor in 72.25 ms, found 3 plugins.
Preloading 0 native plugins for Editor in 0.00 ms.
Initialize engine version: 2021.3.16f1 (4016570cf34f)
[Subsystems] Discovering subsystems at path D:/Unity Editor/2021.3.16f1/Editor/Data/Resources/UnitySubsystems
[Subsystems] Discovering subsystems at path C:/Users/Sumit/Downloads/Endless-Runner-master/Endless-Runner-master/Assets
GfxDevice: creating device client; threaded=0; jobified=0
Direct3D:
    Version:  Direct3D 11.0 [level 11.1]
    Renderer: NVIDIA GeForce GTX 1650 (ID=0x1f99)
    Vendor:   NVIDIA
    VRAM:     3962 MB
    Driver:   31.0.15.1691
Initialize mono
Mono path[0] = 'D:/Unity Editor/2021.3.16f1/Editor/Data/Managed'
Mono path[1] = 'D:/Unity Editor/2021.3.16f1/Editor/Data/MonoBleedingEdge/lib/mono/unityjit-win32'
Mono config path = 'D:/Unity Editor/2021.3.16f1/Editor/Data/MonoBleedingEdge/etc'
Using monoOptions --debugger-agent=transport=dt_socket,embedding=1,server=y,suspend=n,address=127.0.0.1:56480
Begin MonoManager ReloadAssembly
Registering precompiled unity dll's ...
Register platform support module: D:/Unity Editor/2021.3.16f1/Editor/Data/PlaybackEngines/WindowsStandaloneSupport/UnityEditor.WindowsStandalone.Extensions.dll
Registered in 0.006539 seconds.
Native extension for WindowsStandalone target not found
Refreshing native plugins compatible for Editor in 79.69 ms, found 3 plugins.
Preloading 0 native plugins for Editor in 0.00 ms.
Mono: successfully reloaded assembly
- Completed reload, in  0.910 seconds
Domain Reload Profiling:
	ReloadAssembly (910ms)
		BeginReloadAssembly (107ms)
			ExecutionOrderSort (0ms)
			DisableScriptedObjects (0ms)
			BackupInstance (0ms)
			ReleaseScriptingObjects (0ms)
			CreateAndSetChildDomain (1ms)
		EndReloadAssembly (650ms)
			LoadAssemblies (103ms)
			RebuildTransferFunctionScriptingTraits (0ms)
			SetupTypeCache (160ms)
			ReleaseScriptCaches (0ms)
			RebuildScriptCaches (51ms)
			SetupLoadedEditorAssemblies (337ms)
				LogAssemblyErrors (0ms)
				InitializePlatformSupportModulesInManaged (11ms)
				SetLoadedEditorAssemblies (0ms)
				RefreshPlugins (80ms)
				BeforeProcessingInitializeOnLoad (2ms)
				ProcessInitializeOnLoadAttributes (180ms)
				ProcessInitializeOnLoadMethodAttributes (63ms)
				AfterProcessingInitializeOnLoad (0ms)
				EditorAssembliesLoaded (0ms)
			ExecutionOrderSort2 (0ms)
			AwakeInstancesAfterBackupRestoration (0ms)
Platform modules already initialized, skipping
Registering precompiled user dll's ...
Registered in 0.014300 seconds.
Begin MonoManager ReloadAssembly
Native extension for WindowsStandalone target not found
Refreshing native plugins compatible for Editor in 49.11 ms, found 3 plugins.
Preloading 0 native plugins for Editor in 0.00 ms.
Mono: successfully reloaded assembly
- Completed reload, in  1.509 seconds
Domain Reload Profiling:
	ReloadAssembly (1511ms)
		BeginReloadAssembly (150ms)
			ExecutionOrderSort (0ms)
			DisableScriptedObjects (9ms)
			BackupInstance (0ms)
			ReleaseScriptingObjects (0ms)
			CreateAndSetChildDomain (22ms)
		EndReloadAssembly (1174ms)
			LoadAssemblies (126ms)
			RebuildTransferFunctionScriptingTraits (0ms)
			SetupTypeCache (357ms)
			ReleaseScriptCaches (1ms)
			RebuildScriptCaches (65ms)
			SetupLoadedEditorAssemblies (573ms)
				LogAssemblyErrors (0ms)
				InitializePlatformSupportModulesInManaged (5ms)
				SetLoadedEditorAssemblies (0ms)
				RefreshPlugins (49ms)
				BeforeProcessingInitializeOnLoad (83ms)
				ProcessInitializeOnLoadAttributes (347ms)
				ProcessInitializeOnLoadMethodAttributes (77ms)
				AfterProcessingInitializeOnLoad (10ms)
				EditorAssembliesLoaded (0ms)
			ExecutionOrderSort2 (0ms)
			AwakeInstancesAfterBackupRestoration (10ms)
Platform modules already initialized, skipping
========================================================================
Worker process is ready to serve import requests
Launched and connected shader compiler UnityShaderCompiler.exe after 0.05 seconds
Refreshing native plugins compatible for Editor in 0.61 ms, found 3 plugins.
Preloading 0 native plugins for Editor in 0.00 ms.
Unloading 2515 Unused Serialized files (Serialized files now loaded: 0)
Unloading 33 unused Assets / (56.4 KB). Loaded Objects now: 2981.
Memory consumption went from 111.4 MB to 111.4 MB.
Total: 4.475900 ms (FindLiveObjects: 0.239400 ms CreateObjectMapping: 0.163300 ms MarkObjects: 3.955100 ms  DeleteObjects: 0.117000 ms)

AssetImportParameters requested are different than current active one (requested -> active):
  custom:video-decoder-ogg-theora: a1e56fd34408186e4bbccfd4996cb3dc -> 
  custom:container-muxer-webm: aa71ff27fc2769a1b78a27578f13a17b -> 
  custom:container-demuxer-webm: 4f35f7cbe854078d1ac9338744f61a02 -> 
  custom:video-encoder-webm-vp8: eb34c28f22e8b96e1ab97ce403110664 -> 
  custom:video-codec-MediaFoundation-h265: 746d11721c4dcdbdad8f713fa42b33f4 -> 
  custom:audio-encoder-webm-vorbis: bf7c407c2cedff20999df2af8eb42d56 -> 
  custom:framework-win-MediaFoundation: 216162199b28c13a410421893ffa2e32 -> 
  custom:container-demuxer-ogg: 62fdf1f143b41e24485cea50d1cbac27 -> 
  custom:video-decoder-webm-vp8: 9c59270c3fd7afecdb556c50c9e8de78 -> 
  custom:audio-decoder-ogg-vorbis: bf7c407c2cedff20999df2af8eb42d56 -> 
========================================================================
Received Import Request.
  Time since last request: 432681.917314 seconds.
  path: Packages/com.unity.2d.common/package.json
  artifactKey: Guid(68f1917ec3cac45b080c26153375c2bb) Importer(815301076,1909f56bfc062723c751e8b465ee728b)
Start importing Packages/com.unity.2d.common/package.json using Guid(68f1917ec3cac45b080c26153375c2bb) Importer(815301076,1909f56bfc062723c751e8b465ee728b)  -> (artifact id: '15494e27c20acc955b86bad3b07a31fd') in 0.049153 seconds 
========================================================================
Received Import Request.
  Time since last request: 0.000025 seconds.
  path: Packages/com.unity.2d.path/package.json
  artifactKey: Guid(990785fe75c54584ab4201a3e20e1655) Importer(815301076,1909f56bfc062723c751e8b465ee728b)
Start importing Packages/com.unity.2d.path/package.json using Guid(990785fe75c54584ab4201a3e20e1655) Importer(815301076,1909f56bfc062723c751e8b465ee728b)  -> (artifact id: '26a595bab0a62a2991a4dad0b6b84732') in 0.004213 seconds 
========================================================================
Received Import Request.
  Time since last request: 0.000021 seconds.
  path: Packages/com.unity.2d.animation/package.json
  artifactKey: Guid(9e83c20a8293f44ec8a375d3805f477d) Importer(815301076,1909f56bfc062723c751e8b465ee728b)
Start importing Packages/com.unity.2d.animation/package.json using Guid(9e83c20a8293f44ec8a375d3805f477d) Importer(815301076,1909f56bfc062723c751e8b465ee728b)  -> (artifact id: 'a2c465428aaf89145daf7ec747b5e860') in 0.003145 seconds 
========================================================================
Received Import Request.
  Time since last request: 2.099233 seconds.
  path: Packages/com.unity.2d.pixel-perfect/package.json
  artifactKey: Guid(b1c570008ebc15d4183516ca5722a39e) Importer(815301076,1909f56bfc062723c751e8b465ee728b)
Start importing Packages/com.unity.2d.pixel-perfect/package.json using Guid(b1c570008ebc15d4183516ca5722a39e) Importer(815301076,1909f56bfc062723c751e8b465ee728b)  -> (artifact id: '2e9bae1932836a1e8e3ca4d9f8d5ad2d') in 0.005479 seconds 
========================================================================
Received Import Request.
  Time since last request: 5.363559 seconds.
  path: Assets/Prefabs/LeanTouch.prefab
  artifactKey: Guid(e9d0366b7a78ec242a4e434f79854c83) Importer(815301076,1909f56bfc062723c751e8b465ee728b)
Start importing Assets/Prefabs/LeanTouch.prefab using Guid(e9d0366b7a78ec242a4e434f79854c83) Importer(815301076,1909f56bfc062723c751e8b465ee728b)  -> (artifact id: 'be588352445182ae886383c6bc153d89') in 0.029611 seconds 
========================================================================
Received Import Request.
  Time since last request: 0.000025 seconds.
  path: Assets/Prefabs/Particle System.prefab
  artifactKey: Guid(ad0175022a739ba49bfb8ec55e1935eb) Importer(815301076,1909f56bfc062723c751e8b465ee728b)
Start importing Assets/Prefabs/Particle System.prefab using Guid(ad0175022a739ba49bfb8ec55e1935eb) Importer(815301076,1909f56bfc062723c751e8b465ee728b)  -> (artifact id: '859d4166e65bde7842baa22055f26771') in 0.251487 seconds 
========================================================================
Received Import Request.
  Time since last request: 5.809764 seconds.
  path: Assets/Sprites/Background Music.mp3
  artifactKey: Guid(e518662b38592f6458d64920b01e7c9d) Importer(815301076,1909f56bfc062723c751e8b465ee728b)
Start importing Assets/Sprites/Background Music.mp3 using Guid(e518662b38592f6458d64920b01e7c9d) Importer(815301076,1909f56bfc062723c751e8b465ee728b)  -> (artifact id: '9bb83440072f5c41feb31b2c14d1dd06') in 0.181595 seconds 
========================================================================
Received Import Request.
  Time since last request: 0.000026 seconds.
  path: Assets/Sprites/WhatsApp Image 2021-11-27 at 2.04.52 PM.jpeg
  artifactKey: Guid(3001e560783b29143ada143153655f21) Importer(815301076,1909f56bfc062723c751e8b465ee728b)
Start importing Assets/Sprites/WhatsApp Image 2021-11-27 at 2.04.52 PM.jpeg using Guid(3001e560783b29143ada143153655f21) Importer(815301076,1909f56bfc062723c751e8b465ee728b)  -> (artifact id: 'e8e350c0c163b2a0b74365de8daf7de1') in 0.054412 seconds 
========================================================================
Received Import Request.
  Time since last request: 0.000028 seconds.
  path: Assets/Sprites/pngfind.com-jasmine-png-1291250.png
  artifactKey: Guid(827bb77a19e22224a80b833c95cb1af2) Importer(815301076,1909f56bfc062723c751e8b465ee728b)
Start importing Assets/Sprites/pngfind.com-jasmine-png-1291250.png using Guid(827bb77a19e22224a80b833c95cb1af2) Importer(815301076,1909f56bfc062723c751e8b465ee728b)  -> (artifact id: '95b4a379a5312ce0e1dec5fee8e4f6e7') in 0.147640 seconds 
========================================================================
Received Import Request.
  Time since last request: 0.000026 seconds.
  path: Assets/Sprites/WhatsApp Image 2022-04-22 at 10.39.53 PM.jpeg
  artifactKey: Guid(9a1bfd4b452c86a49a6b9faf52020cce) Importer(815301076,1909f56bfc062723c751e8b465ee728b)
Start importing Assets/Sprites/WhatsApp Image 2022-04-22 at 10.39.53 PM.jpeg using Guid(9a1bfd4b452c86a49a6b9faf52020cce) Importer(815301076,1909f56bfc062723c751e8b465ee728b)  -> (artifact id: '12148de614d4a0ff10d0df6b8faa9ef3') in 0.117885 seconds 
========================================================================
Received Import Request.
  Time since last request: 0.000024 seconds.
  path: Assets/Sprites/remove.png
  artifactKey: Guid(581fd6ff0ee45194594574cfc994f0b0) Importer(815301076,1909f56bfc062723c751e8b465ee728b)
Start importing Assets/Sprites/remove.png using Guid(581fd6ff0ee45194594574cfc994f0b0) Importer(815301076,1909f56bfc062723c751e8b465ee728b)  -> (artifact id: 'c94ade8931d5667680118868fb7c3d71') in 0.036861 seconds 
========================================================================
Received Import Request.
  Time since last request: 0.000027 seconds.
  path: Assets/Sprites/Obstacle.png
  artifactKey: Guid(79e89893b7fb1f34db1fdee65339dc66) Importer(815301076,1909f56bfc062723c751e8b465ee728b)
Start importing Assets/Sprites/Obstacle.png using Guid(79e89893b7fb1f34db1fdee65339dc66) Importer(815301076,1909f56bfc062723c751e8b465ee728b)  -> (artifact id: '4bad2b8381616d03596f69fc0140ac49') in 0.053380 seconds 
========================================================================
Received Import Request.
  Time since last request: 0.000020 seconds.
  path: Assets/Sprites/colorful_glow_stars_space_galaxy_sky_dark_background_4k_5k_hd_space.jpg
  artifactKey: Guid(6405a630f5f155942a785c6b31d0dc1a) Importer(815301076,1909f56bfc062723c751e8b465ee728b)
Start importing Assets/Sprites/colorful_glow_stars_space_galaxy_sky_dark_background_4k_5k_hd_space.jpg using Guid(6405a630f5f155942a785c6b31d0dc1a) Importer(815301076,1909f56bfc062723c751e8b465ee728b)  -> (artifact id: 'f3851daa1c3745314cda41939c734bf6') in 0.426703 seconds 
========================================================================
Received Import Request.
  Time since last request: 25.148128 seconds.
  path: Packages/com.unity.2d.psdimporter/package.json
  artifactKey: Guid(2f948ecb81c850949a2725b1ba265844) Importer(815301076,1909f56bfc062723c751e8b465ee728b)
Start importing Packages/com.unity.2d.psdimporter/package.json using Guid(2f948ecb81c850949a2725b1ba265844) Importer(815301076,1909f56bfc062723c751e8b465ee728b)  -> (artifact id: '002098535d590926c244142b7b895206') in 0.004189 seconds 
